::1 GET /products?silla 200 9619 - 179.760 ms
::1 GET /products?name=mesa 200 148 - 71.164 ms
::1 GET /products?name=silla 304 - - 213.469 ms
::1 GET /products 200 9619 - 87.755 ms
::1 GET /products?stock=100 200 219 - 84.262 ms
::1 GET /products?stock=123 200 143 - 67.234 ms
::1 GET /products?name=mesa 304 - - 69.554 ms
::1 GET /products?name=silla 304 - - 71.759 ms
::1 GET /products?name=silla&stock=123123123 200 6774 - 76.394 ms
::1 GET /products?description=silla 200 7026 - 101.843 ms
::1 GET /products?name=mesa 304 - - 78.638 ms
::1 GET /products?name=jbl 200 219 - 68.064 ms
::1 GET /products?name=jbl&stock=100 200 219 - 68.061 ms
::1 GET /products?name=jbl&stock=10 200 25 - 65.453 ms
::1 GET /products?name=jbl&stock=100 304 - - 68.876 ms
::1 GET /products?name=jbl&stock=100&description=blue 200 219 - 68.829 ms
::1 GET /products?name=jbl&stock=100&description=i 200 219 - 69.334 ms
::1 GET /products?name=jbl&stock=100&description=i 304 - - 68.145 ms
::1 GET /products?name=jbl&stock=100&description=z 200 25 - 66.759 ms
::1 GET /products?name=jbl&stock=100&description=a 200 219 - 68.451 ms
::1 GET /products?name=jbl&stock=100&description=a&category=p 200 25 - 76.904 ms
::1 GET /products?name=jbl&stock=100&description=a&category=a 200 219 - 69.644 ms
::1 GET /products?name=jbl&stock=100&description=a&category=a&minPrice=89 200 25 - 67.558 ms
::1 GET /products?name=jbl&stock=100&description=a&category=a&minPrice=75 200 219 - 68.498 ms
::1 GET /products?name=jbl&stock=100&description=a&category=a&minPrice=75&maxPrice=60 200 25 - 66.674 ms
::1 GET /products?name=jbl&stock=100&description=a&category=a&minPrice=75&maxPrice=80 200 219 - 66.186 ms
