::1 POST /auth/login 200 245 - 154.494 ms
::1 GET /products? 304 - - 79.374 ms
::1 GET /products? 304 - - 82.930 ms
::1 GET /products? 304 - - 87.298 ms
::1 GET /products? 304 - - 70.087 ms
::1 GET /products? 304 - - 93.635 ms
::1 GET /products? 304 - - 70.504 ms
::1 GET /products? 304 - - 75.968 ms
::1 GET /products? 304 - - 80.354 ms
::1 GET /products? 304 - - 76.632 ms
::1 GET /products? 304 - - 72.101 ms
::1 GET /products? 304 - - 116.049 ms
::1 GET /products? 304 - - 72.827 ms
::1 GET /products? 304 - - 114.359 ms
::1 GET /products? 304 - - 73.885 ms
::1 GET /products? 304 - - 69.832 ms
::1 GET /products? 304 - - 72.004 ms
::1 GET /products? 304 - - 68.839 ms
::1 GET /products? 304 - - 69.707 ms
::1 GET /products? 304 - - 73.215 ms
::1 GET /products? 304 - - 72.326 ms
::1 GET /products? 304 - - 73.485 ms
::1 GET /products? 304 - - 71.184 ms
::1 GET /products? 304 - - 70.746 ms
::1 GET /products? 304 - - 71.061 ms
::1 GET /products? 304 - - 87.049 ms
::1 GET /products? 304 - - 67.279 ms
::1 GET /products? 304 - - 77.964 ms
::1 GET /products? 304 - - 68.345 ms
::1 GET /products? 304 - - 74.487 ms
::1 GET /products? 304 - - 69.310 ms
::1 GET /products? 304 - - 84.406 ms
::1 GET /products? 304 - - 68.245 ms
::1 GET /products? 304 - - 81.977 ms
::1 GET /products? 304 - - 82.382 ms
::1 GET /products? 304 - - 81.381 ms
::1 GET /products? 304 - - 70.425 ms
::1 GET /products? 304 - - 69.595 ms
::1 GET /products? 304 - - 67.072 ms
::1 GET /products? 304 - - 73.032 ms
::1 GET /products? 304 - - 68.167 ms
::1 GET /products? 304 - - 166.916 ms
::1 GET /products? 304 - - 67.448 ms
::1 GET /products? 304 - - 68.403 ms
::1 GET /products? 304 - - 68.736 ms
::1 GET /products? 304 - - 108.132 ms
::1 GET /products? 304 - - 95.733 ms
::1 GET /products? 304 - - 70.040 ms
::1 GET /products? 304 - - 67.773 ms
::1 GET /products? 304 - - 70.019 ms
::1 GET /products? 304 - - 68.108 ms
::1 POST /auth/login 200 245 - 148.188 ms
::1 GET /products? 304 - - 75.340 ms
::1 GET /products? 304 - - 80.305 ms
::1 GET /products? 304 - - 83.263 ms
::1 GET /products? 304 - - 76.380 ms
::1 GET /products? 304 - - 67.132 ms
::1 GET /products? 304 - - 89.742 ms
::1 GET /products? 304 - - 69.176 ms
::1 GET /products? 304 - - 84.403 ms
::1 GET /products? 304 - - 82.938 ms
::1 GET /products? 304 - - 66.617 ms
::1 GET /products? 304 - - 112.584 ms
::1 GET /products? 304 - - 102.096 ms
::1 GET /products? 200 12280 - 731.520 ms
::1 GET /products? 304 - - 20753.216 ms
::1 GET /products? 304 - - 71.430 ms
::1 GET /products? 304 - - 82.652 ms
::1 GET /products? 304 - - 70.933 ms
::1 GET /products? 304 - - 95.524 ms
::1 GET /products? 304 - - 93.337 ms
::1 GET /products? 304 - - 79.171 ms
::1 GET /products? 304 - - 68.340 ms
::1 GET /products? 304 - - 67.018 ms
::1 GET /products? 304 - - 69.904 ms
::1 GET /products? 304 - - 66.628 ms
::1 GET /products? 304 - - 70.581 ms
::1 GET /products? 304 - - 70.947 ms
::1 GET /products? 304 - - 106.306 ms
::1 GET /products? 304 - - 88.562 ms
::1 GET /products? 200 12284 - 114.209 ms
::1 GET /products? 304 - - 79.668 ms
::1 GET /products? 304 - - 87.507 ms
::1 PATCH /products/6949689582deff941fd70003 401 33 - 0.350 ms
::1 GET /products? 304 - - 70.447 ms
::1 PATCH /products/6949689582deff941fd70003 401 33 - 0.229 ms
::1 GET /products? 304 - - 70.116 ms
::1 PATCH /products/6949689582deff941fd70003 401 33 - 0.376 ms
::1 GET /products? 304 - - 80.409 ms
::1 PATCH /products/6949689582deff941fd70003 401 33 - 0.304 ms
::1 GET /products? 304 - - 93.597 ms
::1 PATCH /products/6949689582deff941fd70003 401 33 - 0.272 ms
::1 GET /products? 304 - - 69.775 ms
::1 PATCH /products/6949689582deff941fd70003 401 33 - 0.231 ms
::1 GET /products? 304 - - 85.349 ms
::1 PATCH /products/6949689582deff941fd70003 401 33 - 0.202 ms
::1 GET /products? 304 - - 79.818 ms
::1 PATCH /products/6949689582deff941fd70003 401 33 - 0.328 ms
::1 GET /products? 304 - - 101.864 ms
::1 PATCH /products/6949689582deff941fd70003 401 33 - 0.311 ms
::1 GET /products? 304 - - 72.080 ms
::1 PATCH /products/6949689582deff941fd70003 401 33 - 0.157 ms
::1 GET /products? 304 - - 77.866 ms
::1 GET /products? 304 - - 82.454 ms
::1 GET /products? 304 - - 106.408 ms
::1 GET /products? 304 - - 70.361 ms
::1 GET /products? 304 - - 103.122 ms
::1 PATCH /products/6949689582deff941fd70003 401 33 - 0.234 ms
::1 GET /products? 304 - - 90.809 ms
::1 GET /products? 304 - - 68.198 ms
::1 GET /products? 304 - - 74.017 ms
::1 PATCH /products/6949689582deff941fd70003 401 23 - 2.806 ms
::1 GET /products? 304 - - 78.700 ms
::1 POST /auth/login 200 245 - 157.791 ms
::1 GET /products? 304 - - 89.641 ms
::1 GET /products? 304 - - 79.023 ms
::1 PATCH /products/6949689582deff941fd70003 200 149 - 85.613 ms
::1 GET /products? 200 12300 - 90.856 ms
::1 GET /products? 304 - - 82.571 ms
::1 GET /products? 304 - - 75.850 ms
::1 PATCH /products/6949689582deff941fd70003 200 151 - 82.364 ms
::1 GET /products? 200 12302 - 97.170 ms
::1 PATCH /products/6949689582deff941fd70003 401 33 - 0.221 ms
::1 GET /products? 304 - - 106.056 ms
::1 GET /products? 304 - - 85.497 ms
::1 GET /products? 304 - - 108.295 ms
::1 GET /products? 200 12302 - 3370.483 ms
::1 GET /products? 304 - - 23386.264 ms
::1 GET /products? 304 - - 71.934 ms
::1 POST /auth/login 200 245 - 135.401 ms
::1 GET /products? 304 - - 66.370 ms
::1 GET /products? 304 - - 68.559 ms
::1 DELETE /products/6949689582deff941fd70003 200 151 - 83.564 ms
::1 GET /products? 200 12150 - 70.534 ms
::1 GET /products? 304 - - 67.143 ms
::1 GET /products? 304 - - 785.818 ms
::1 GET /products? 304 - - 100.622 ms
::1 GET /products? 304 - - 166.878 ms
::1 GET /products? 304 - - 208.604 ms
::1 GET /products? 200 12150 - 19647.021 ms
::1 GET /products? 304 - - 39673.239 ms
