::1 GET / 404 42 - 3.999 ms
::1 GET /favicon.ico 404 42 - 0.596 ms
::1 GET /productos 404 42 - 0.205 ms
::1 GET /products 200 25 - 78.727 ms
::1 GET / 404 42 - 0.458 ms
::1 GET / 404 42 - 0.205 ms
::1 GET /productos 404 42 - 0.146 ms
::1 GET /products 304 - - 69.861 ms
::1 GET /productos 404 42 - 0.424 ms
::1 GET /products/ 200 25 - 82.267 ms
::1 GET /products/ 304 - - 81.464 ms
::1 GET /products/ 304 - - 70.742 ms
::1 GET /products/ 304 - - 67.720 ms
::1 GET /products/ 304 - - 66.639 ms
::1 GET /products/ 304 - - 77.956 ms
::1 GET /products/ 304 - - 73.962 ms
::1 GET /products/ 304 - - 66.821 ms
::1 GET /products/ 304 - - 65.809 ms
::1 GET /products/ 304 - - 78.653 ms
::1 GET /products/ 304 - - 69.734 ms
::1 GET /products/ 304 - - 67.959 ms
::1 GET /products/ 304 - - 66.704 ms
::1 GET /products/ 304 - - 67.635 ms
::1 GET /products/ 304 - - 66.792 ms
::1 GET /products/ 304 - - 68.239 ms
::1 GET /products/ 304 - - 68.608 ms
::1 GET /products/ 304 - - 68.549 ms
::1 GET /products/ 304 - - 68.129 ms
::1 GET /products/ 304 - - 69.811 ms
::1 GET /products/ 304 - - 66.524 ms
::1 GET /products 304 - - 67.511 ms
::1 GET /products 304 - - 73.296 ms
::1 GET /products 304 - - 68.418 ms
::1 GET /products 304 - - 98.293 ms
::1 GET /products 304 - - 67.602 ms
::1 GET /products 304 - - 67.848 ms
::1 GET /products 304 - - 76.261 ms
::1 GET /products 304 - - 80.706 ms
::1 GET /products 304 - - 65.068 ms
::1 GET /products 304 - - 66.500 ms
::1 GET / 404 42 - 0.566 ms
::1 GET /productos 404 42 - 0.399 ms
::1 GET /db_utn_backend/productos 404 42 - 0.184 ms
::1 GET /db_utn_backend/productos 404 42 - 0.124 ms
::1 GET /db_utn_backend/productos 404 42 - 0.192 ms
::1 GET /db_utn_backend/productos 404 42 - 0.118 ms
::1 GET /db_utn_backend/productos 404 42 - 0.173 ms
::1 GET / 404 42 - 0.128 ms
::1 GET / 404 42 - 0.331 ms
::1 GET /productos 404 42 - 0.198 ms
::1 GET /productos 404 42 - 0.116 ms
::1 GET /productos 404 42 - 0.126 ms
::1 GET /products 304 - - 66.270 ms
::ffff:127.0.0.1 GET /products/ 200 25 - 98.358 ms
::ffff:127.0.0.1 GET /products/ 200 25 - 73.706 ms
::ffff:127.0.0.1 GET /products/ 200 25 - 93.028 ms
::ffff:127.0.0.1 GET /products/ 200 25 - 113.725 ms
::ffff:127.0.0.1 GET /products/ 200 25 - 82.146 ms
::1 GET /products 304 - - 70.248 ms
::1 GET /products 304 - - 71.724 ms
::1 GET /products 304 - - 102.037 ms
::1 GET /products 304 - - 68.772 ms
::1 GET /products 304 - - 68.282 ms
::1 GET /products 304 - - 67.112 ms
::1 GET /products 304 - - 64.778 ms
::1 GET /products 304 - - 76.124 ms
::1 GET /products 304 - - 65.534 ms
::1 GET /products 304 - - 68.942 ms
::1 GET /products 304 - - 77.543 ms
::1 GET /products 304 - - 68.098 ms
::1 GET /products 304 - - 66.911 ms
::1 GET /products 304 - - 67.930 ms
::1 GET /products 304 - - 66.724 ms
::1 GET /products 304 - - 64.586 ms
::1 GET /products 304 - - 64.814 ms
::1 GET /products - - - - ms
::1 GET /products 200 25 - 65.408 ms
::1 GET /products 304 - - 65.806 ms
::1 GET /products 304 - - 69.696 ms
::1 GET /products 304 - - 66.671 ms
::1 GET /products 304 - - 67.872 ms
::1 GET /products 304 - - 68.326 ms
::1 GET /products 304 - - 73.609 ms
::1 GET /products 304 - - 67.265 ms
::1 GET /products 304 - - 67.108 ms
::1 GET /products 304 - - 68.831 ms
::1 GET /products 304 - - 74.763 ms
::1 GET /products 304 - - 63.835 ms
::1 GET /products 304 - - 66.151 ms
::1 GET /products 304 - - 70.558 ms
::1 GET /products 304 - - 66.342 ms
::ffff:127.0.0.1 GET /products/ 200 25 - 64.416 ms
::ffff:127.0.0.1 GET /products/ 200 9619 - 102.828 ms
::1 GET /products 200 9619 - 84.617 ms
::1 GET /products 304 - - 97.162 ms
::1 GET /products/?name=mesa 200 9619 - 70.974 ms
::1 GET /products/?name=mesa&stock=10 200 9619 - 67.454 ms
::1 GET /products/?stock=29999 200 9619 - 542.865 ms
::1 GET /products/?stock=29999 200 25 - 75.089 ms
::1 GET /favicon.ico 404 42 - 0.379 ms
::1 GET /products 304 - - 71.959 ms
::1 GET /products/?stock=29999 304 - - 67.563 ms
::1 GET /products/?stock=29999 304 - - 72.338 ms
::1 GET /products/?stock=29 200 25 - 67.991 ms
::1 GET /products/?stock=2 200 25 - 69.110 ms
::1 GET /products/?stock=1 200 25 - 69.488 ms
::1 GET /products/ 200 9619 - 76.524 ms
::1 GET /products/?sofa=123 200 9619 - 67.613 ms
::1 GET /products/?stock=123 200 25 - 68.178 ms
::1 GET /products/ 304 - - 70.136 ms
::1 GET /products/?stock=9 200 25 - 68.082 ms
::1 GET /products?stock=9 200 25 - 72.997 ms
::1 GET /products?stock=123 200 25 - 64.642 ms
::1 GET /products 304 - - 91.236 ms
::1 GET /products?name=sofa 200 143 - 65.283 ms
::1 GET /products?name=mesa 200 25 - 75.084 ms
::1 GET /products?name=mesa 304 - - 71.860 ms
::1 GET /products?name=mesa 304 - - 108.215 ms
::1 GET /products?name 200 9619 - 70.964 ms
::1 GET /products?name=test 200 25 - 76.459 ms
::1 GET /products?name=silla 200 7026 - 69.138 ms
::1 GET /products?price=123 200 9619 - 71.123 ms
::1 GET /products?stock=9 304 - - 65.037 ms
::1 GET /products?stock=9 304 - - 68.126 ms
::1 GET /products 304 - - 68.761 ms
::1 GET /products?stock=9 200 209 - 79.325 ms
