::1 POST /email/send 200 38 - 5.110 ms
::1 POST /email/send 200 90 - 0.800 ms
::1 POST /email/send 400 44 - 5.053 ms
::1 POST /email/send 200 94 - 5.203 ms
::1 POST /email/send 200 100 - 1.183 ms
::1 POST /email/send 200 100 - 3.646 ms
::1 POST /email/send 200 93 - 5.551 ms
::1 POST /email/send 200 93 - 2585.407 ms
::1 POST /auth/login 200 245 - 2052.662 ms
::1 GET /products? 304 - - 213.603 ms
::1 GET /products? 304 - - 245.909 ms
::1 POST /auth/login 200 245 - 23601.003 ms
::1 PATCH /products/694909ac56fdb6b0271587ad 200 126 - 443.023 ms
::1 GET /products? 200 12156 - 120.277 ms
::1 POST /auth/login 200 245 - 74381.711 ms
::1 GET /products? 304 - - 97.516 ms
::1 GET /products? 304 - - 449.590 ms
::1 POST /email/send 200 90 - 3365.816 ms
::1 GET /products? 304 - - 95.160 ms
::1 GET /products? 304 - - 265.309 ms
::1 POST /products 201 155 - 103.389 ms
::1 GET /products? 200 12312 - 392.671 ms
::1 GET /products? 304 - - 193.064 ms
