::1 POST /auth/login 401 40 - 250.419 ms
::1 POST /auth/login 200 197 - 441.015 ms
::1 GET /products? 200 9749 - 166.324 ms
::1 GET /products? 304 - - 75.083 ms
::1 POST /auth/login 200 197 - 398.191 ms
::1 GET /products? 200 11908 - 103.801 ms
::1 GET /products? 304 - - 143.942 ms
::1 POST //products 404 42 - 0.758 ms
::1 POST //products 404 42 - 0.622 ms
::1 POST //products 404 42 - 0.379 ms
::1 POST /auth/login 200 197 - 647.905 ms
::1 GET /products? 304 - - 97.718 ms
::1 GET /products? 304 - - 80.332 ms
::1 POST //products 404 42 - 0.502 ms
::1 POST //products 404 42 - 0.405 ms
::1 POST //products 404 42 - 0.452 ms
::1 POST //products 404 42 - 0.368 ms
::1 POST //products 404 42 - 0.314 ms
::1 POST //products 404 42 - 0.265 ms
::1 POST //products 404 42 - 0.288 ms
::1 POST //products 404 42 - 0.336 ms
::1 POST //products 404 42 - 0.440 ms
::1 POST //products 404 42 - 0.264 ms
::1 POST //products 404 42 - 0.267 ms
::1 POST //products 404 42 - 0.251 ms
::1 POST //products 404 42 - 0.255 ms
::1 POST //products 404 42 - 0.256 ms
::1 POST //products 404 42 - 0.240 ms
::1 POST //products 404 42 - 0.257 ms
::1 POST //products 404 42 - 0.269 ms
::1 POST /auth/login 200 197 - 411.154 ms
::1 GET /products? 304 - - 82.730 ms
::1 GET /products? 304 - - 81.645 ms
::1 POST //products 404 42 - 0.444 ms
::1 POST /auth/login 200 197 - 632.059 ms
::1 GET /products? 304 - - 221.534 ms
::1 GET /products? 304 - - 101.464 ms
::1 POST /products 401 33 - 1.280 ms
::1 POST /auth/login 200 197 - 411.519 ms
::1 GET /products? 304 - - 304.277 ms
::1 GET /products? 304 - - 80.026 ms
::1 POST /auth/login 200 197 - 603.085 ms
::1 GET /products? 304 - - 281.555 ms
::1 GET /products? 304 - - 89.628 ms
::1 POST /auth/login 200 197 - 829.645 ms
::1 GET /products? 304 - - 99.701 ms
::1 GET /products? 304 - - 239.794 ms
::1 POST //products 404 42 - 0.950 ms
::1 POST /products 201 120 - 362.413 ms
::1 POST /products 201 120 - 84.222 ms
::1 POST /auth/login 200 197 - 610.041 ms
::1 GET /products? 200 12150 - 81.196 ms
::1 GET /products? 304 - - 69.719 ms
::1 POST /products 401 23 - 1.668 ms
::1 POST /products 401 23 - 3.476 ms
::1 GET /products/ 200 12150 - 82.069 ms
::1 POST /auth/login 200 197 - 148.035 ms
::1 GET /products? 304 - - 80.911 ms
::1 GET /products? 304 - - 83.175 ms
::1 POST /products 401 25 - 0.365 ms
::1 POST /products 401 25 - 0.249 ms
::1 POST /products 401 25 - 0.278 ms
::1 POST /auth/login 401 40 - 135.693 ms
::1 POST /auth/login 200 197 - 135.500 ms
::1 GET /products? 304 - - 69.740 ms
::1 GET /products? 304 - - 68.601 ms
::1 POST /products 400 121 - 2.582 ms
::1 POST /products 400 121 - 1.331 ms
::1 POST /auth/login 200 197 - 147.281 ms
::1 GET /products? 304 - - 71.476 ms
::1 GET /products? 304 - - 93.947 ms
::1 POST /products 201 129 - 85.563 ms
::1 GET /products? 200 12280 - 74.281 ms
::1 GET /products? 304 - - 75.958 ms
::1 GET /products? 304 - - 930.524 ms
::1 GET /products? 304 - - 90.925 ms
::1 GET /products? 304 - - 2943.572 ms
::1 GET /products? 304 - - 198.209 ms
::1 GET /products? 304 - - 1936.796 ms
::1 GET /products? 304 - - 82.031 ms
::1 POST /auth/login 200 197 - 554.618 ms
::1 GET /products? 304 - - 104.365 ms
::1 GET /products? 304 - - 100.495 ms
::1 POST /auth/login 200 197 - 585.546 ms
::1 GET /products? 304 - - 132.000 ms
::1 GET /products? 304 - - 99.753 ms
::1 POST /auth/login 200 197 - 632.451 ms
::1 GET /products? 304 - - 77.976 ms
::1 GET /products? 304 - - 90.846 ms
::1 GET /products? 304 - - 73.956 ms
::1 GET /products? 304 - - 90.520 ms
::1 GET /products? 304 - - 77.760 ms
::1 GET /products? 304 - - 71.388 ms
::1 GET /products? 304 - - 70.519 ms
::1 GET /products? 304 - - 76.424 ms
::1 GET /products? 304 - - 86.194 ms
